<?xml version="1.0" encoding="UTF-8"?>
<testng-results ignored="0" total="1" passed="1" failed="0" skipped="0">
  <reporter-output>
  </reporter-output>
  <suite started-at="2023-06-02T10:35:48 IST" name="Default suite" finished-at="2023-06-02T10:35:48 IST" duration-ms="43">
    <groups>
    </groups>
    <test started-at="2023-06-02T10:35:48 IST" name="Default test" finished-at="2023-06-02T10:35:48 IST" duration-ms="43">
      <class name="com.example.testing.day7.Testng">
        <test-method signature="f()[pri:0, instance:com.example.testing.day7.Testng@20deea7f]" started-at="2023-06-02T10:35:48 IST" name="f" finished-at="2023-06-02T10:35:48 IST" duration-ms="11" status="PASS">
          <reporter-output>
          </reporter-output>
        </test-method> <!-- f -->
      </class> <!-- com.example.testing.day7.Testng -->
    </test> <!-- Default test -->
  </suite> <!-- Default suite -->
</testng-results>
